<?xml version="1.0" encoding="UTF-8"?>
<!-- Generated by org.testng.reporters.JUnitXMLReporter -->
<testsuite ignored="0" hostname="DESKTOP-H1SPN5Q" failures="0" tests="4" name="ShopTest" time="40.356" errors="0" timestamp="2022-06-04T21:10:31 YEKT">
  <testcase classname="AutoShopTest" name="test1" time="4.504"/>
  <testcase classname="AutoShopTest" name="test2" time="5.05"/>
  <testcase classname="AutoShopTest" name="test3" time="12.848"/>
  <testcase classname="AutoShopTest" name="test4" time="13.129"/>
</testsuite> <!-- ShopTest -->
