<?xml version="1.0" encoding="UTF-8"?>
<!-- Generated by org.testng.reporters.JUnitXMLReporter -->
<testsuite hostname="DESKTOP-H1SPN5Q" ignored="1" tests="3" failures="0" timestamp="2022-05-24T21:19:02 YEKT" time="37.147" errors="0">
  <testcase name="test1" time="5.076" classname="AutoShopTest"/>
  <testcase name="test2" time="6.553" classname="AutoShopTest"/>
  <testcase name="test3" time="15.364" classname="AutoShopTest"/>
  <testcase name="test4" time="0.0" classname="AutoShopTest">
    <ignored/>
  </testcase> <!-- test4 -->
</testsuite>
