<?xml version="1.0" encoding="UTF-8"?>
<testng-results ignored="0" total="4" passed="4" failed="0" skipped="0">
  <reporter-output>
  </reporter-output>
  <suite started-at="2022-06-04T21:09:50 YEKT" name="ShopTest" finished-at="2022-06-04T21:10:31 YEKT" duration-ms="40356">
    <groups>
    </groups>
    <test started-at="2022-06-04T21:09:50 YEKT" name="ShopTest" finished-at="2022-06-04T21:10:31 YEKT" duration-ms="40356">
      <class name="AutoShopTest">
        <test-method is-config="true" signature="setup()[pri:0, instance:AutoShopTest@458544e0]" started-at="2022-06-04T21:09:51 YEKT" name="setup" finished-at="2022-06-04T21:09:55 YEKT" duration-ms="4396" status="PASS">
          <reporter-output>
          </reporter-output>
        </test-method> <!-- setup -->
        <test-method signature="test1()[pri:0, instance:AutoShopTest@458544e0]" started-at="2022-06-04T21:09:55 YEKT" name="test1" finished-at="2022-06-04T21:09:59 YEKT" duration-ms="4504" status="PASS">
          <reporter-output>
          </reporter-output>
        </test-method> <!-- test1 -->
        <test-method signature="test2()[pri:0, instance:AutoShopTest@458544e0]" started-at="2022-06-04T21:10:00 YEKT" name="test2" finished-at="2022-06-04T21:10:05 YEKT" duration-ms="5050" status="PASS">
          <reporter-output>
          </reporter-output>
        </test-method> <!-- test2 -->
        <test-method signature="test3()[pri:0, instance:AutoShopTest@458544e0]" started-at="2022-06-04T21:10:05 YEKT" name="test3" finished-at="2022-06-04T21:10:18 YEKT" duration-ms="12848" status="PASS">
          <reporter-output>
          </reporter-output>
        </test-method> <!-- test3 -->
        <test-method signature="test4()[pri:0, instance:AutoShopTest@458544e0]" started-at="2022-06-04T21:10:18 YEKT" name="test4" finished-at="2022-06-04T21:10:31 YEKT" duration-ms="13129" status="PASS">
          <reporter-output>
          </reporter-output>
        </test-method> <!-- test4 -->
        <test-method is-config="true" signature="down()[pri:0, instance:AutoShopTest@458544e0]" started-at="2022-06-04T21:10:31 YEKT" name="down" finished-at="2022-06-04T21:10:31 YEKT" duration-ms="190" status="PASS">
          <reporter-output>
          </reporter-output>
        </test-method> <!-- down -->
      </class> <!-- AutoShopTest -->
    </test> <!-- ShopTest -->
  </suite> <!-- ShopTest -->
</testng-results>
