<?xml version="1.0" encoding="UTF-8"?>
<testng-results skipped="0" failed="0" ignored="1" total="4" passed="3">
  <reporter-output>
  </reporter-output>
  <suite name="ShopTest" duration-ms="37147" started-at="2022-05-24T21:18:25 YEKT" finished-at="2022-05-24T21:19:02 YEKT">
    <groups>
    </groups>
    <test name="ShopTest" duration-ms="37147" started-at="2022-05-24T21:18:25 YEKT" finished-at="2022-05-24T21:19:02 YEKT">
      <class name="AutoShopTest">
        <test-method status="PASS" signature="setup()[pri:0, instance:AutoShopTest@20cece0b]" name="setup" is-config="true" duration-ms="8962" started-at="2022-05-24T21:18:25 YEKT" finished-at="2022-05-24T21:18:34 YEKT">
          <reporter-output>
          </reporter-output>
        </test-method> <!-- setup -->
        <test-method status="PASS" signature="test1()[pri:0, instance:AutoShopTest@20cece0b]" name="test1" duration-ms="5076" started-at="2022-05-24T21:18:34 YEKT" finished-at="2022-05-24T21:18:39 YEKT">
          <reporter-output>
          </reporter-output>
        </test-method> <!-- test1 -->
        <test-method status="PASS" signature="test2()[pri:0, instance:AutoShopTest@20cece0b]" name="test2" duration-ms="6553" started-at="2022-05-24T21:18:39 YEKT" finished-at="2022-05-24T21:18:46 YEKT">
          <reporter-output>
          </reporter-output>
        </test-method> <!-- test2 -->
        <test-method status="PASS" signature="test3()[pri:0, instance:AutoShopTest@20cece0b]" name="test3" duration-ms="15364" started-at="2022-05-24T21:18:46 YEKT" finished-at="2022-05-24T21:19:01 YEKT">
          <reporter-output>
          </reporter-output>
        </test-method> <!-- test3 -->
        <test-method status="PASS" signature="down()[pri:0, instance:AutoShopTest@20cece0b]" name="down" is-config="true" duration-ms="948" started-at="2022-05-24T21:19:01 YEKT" finished-at="2022-05-24T21:19:02 YEKT">
          <reporter-output>
          </reporter-output>
        </test-method> <!-- down -->
      </class> <!-- AutoShopTest -->
    </test> <!-- ShopTest -->
  </suite> <!-- ShopTest -->
</testng-results>
